0 info it worked if it ends with ok
1 verbose cli [ 'C:\\Program Files (x86)\\nodejs\\\\node.exe',
1 verbose cli   'C:\\Program Files (x86)\\nodejs\\node_modules\\npm\\bin\\npm-cli.js',
1 verbose cli   'publish' ]
2 info using npm@1.4.28
3 info using node@v0.10.32
4 verbose node symlink C:\Program Files (x86)\nodejs\\node.exe
5 verbose publish [ '.' ]
6 verbose cache add [ '.', null ]
7 verbose cache add name=undefined spec="." args=[".",null]
8 verbose parsed url { protocol: null,
8 verbose parsed url   slashes: null,
8 verbose parsed url   auth: null,
8 verbose parsed url   host: null,
8 verbose parsed url   port: null,
8 verbose parsed url   hostname: null,
8 verbose parsed url   hash: null,
8 verbose parsed url   search: null,
8 verbose parsed url   query: null,
8 verbose parsed url   pathname: '.',
8 verbose parsed url   path: '.',
8 verbose parsed url   href: '.' }
9 silly lockFile 3a52ce78- .
10 verbose lock . C:\Users\perez.s.19\AppData\Roaming\npm-cache\3a52ce78-.lock
11 verbose tar pack [ 'C:\\Users\\perez.s.19\\AppData\\Roaming\\npm-cache\\cooldb\\1.0.2\\package.tgz',
11 verbose tar pack   '.' ]
12 verbose tarball C:\Users\perez.s.19\AppData\Roaming\npm-cache\cooldb\1.0.2\package.tgz
13 verbose folder .
14 info prepublish cooldb@1.0.2
15 silly lockFile 1f1177db-tar tar://.
16 verbose lock tar://. C:\Users\perez.s.19\AppData\Roaming\npm-cache\1f1177db-tar.lock
17 silly lockFile 34903c23-m-cache-cooldb-1-0-2-package-tgz tar://C:\Users\perez.s.19\AppData\Roaming\npm-cache\cooldb\1.0.2\package.tgz
18 verbose lock tar://C:\Users\perez.s.19\AppData\Roaming\npm-cache\cooldb\1.0.2\package.tgz C:\Users\perez.s.19\AppData\Roaming\npm-cache\34903c23-m-cache-cooldb-1-0-2-package-tgz.lock
19 silly lockFile 1f1177db-tar tar://.
20 silly lockFile 1f1177db-tar tar://.
21 silly lockFile 34903c23-m-cache-cooldb-1-0-2-package-tgz tar://C:\Users\perez.s.19\AppData\Roaming\npm-cache\cooldb\1.0.2\package.tgz
22 silly lockFile 34903c23-m-cache-cooldb-1-0-2-package-tgz tar://C:\Users\perez.s.19\AppData\Roaming\npm-cache\cooldb\1.0.2\package.tgz
23 silly lockFile 98c32e24-g-npm-cache-cooldb-1-0-2-package C:\Users\perez.s.19\AppData\Roaming\npm-cache\cooldb\1.0.2\package
24 verbose lock C:\Users\perez.s.19\AppData\Roaming\npm-cache\cooldb\1.0.2\package C:\Users\perez.s.19\AppData\Roaming\npm-cache\98c32e24-g-npm-cache-cooldb-1-0-2-package.lock
25 silly lockFile 98c32e24-g-npm-cache-cooldb-1-0-2-package C:\Users\perez.s.19\AppData\Roaming\npm-cache\cooldb\1.0.2\package
26 silly lockFile 98c32e24-g-npm-cache-cooldb-1-0-2-package C:\Users\perez.s.19\AppData\Roaming\npm-cache\cooldb\1.0.2\package
27 silly lockFile 3a52ce78- .
28 silly lockFile 3a52ce78- .
29 silly publish { name: 'cooldb',
29 silly publish   version: '1.0.2',
29 silly publish   main: 'index.js',
29 silly publish   description: 'CoolDB allows easy CRUD Array events.',
29 silly publish   dependencies: { cuid: '^1.2.4' },
29 silly publish   devDependencies:
29 silly publish    { 'body-parser': '^1.10.1',
29 silly publish      browserify: '^9.0.3',
29 silly publish      ejs: '^2.1.4',
29 silly publish      express: '^4.11.0',
29 silly publish      cuid: '^1.2.4',
29 silly publish      gulp: '^3.8.11',
29 silly publish      'gulp-browserify': '^0.5.1',
29 silly publish      'gulp-rename': '^1.2.0',
29 silly publish      'gulp-uglify': '^1.1.0' },
29 silly publish   scripts:
29 silly publish    { test: 'echo "Error: no test specified" && exit 1',
29 silly publish      start: 'node server.js' },
29 silly publish   author: '',
29 silly publish   license: 'ISC',
29 silly publish   readme: '# coolDB\r\nThis is a lightweight Client | Server library which helps the CRUD actions in memory over objects / data stored in an internal JS Array.',
29 silly publish   readmeFilename: 'README.md',
29 silly publish   gitHead: 'fec3dc26c2d65f48258acbf38f383c9ccfde19cf',
29 silly publish   _id: 'cooldb@1.0.2',
29 silly publish   _shasum: 'f367e56fab8e00f77ae8d014bae81efec44699f6',
29 silly publish   _from: '.' }
30 error need auth auth and email required for publishing
30 error need auth You need to authorize this machine using `npm adduser`
31 error System Windows_NT 6.1.7601
32 error command "C:\\Program Files (x86)\\nodejs\\\\node.exe" "C:\\Program Files (x86)\\nodejs\\node_modules\\npm\\bin\\npm-cli.js" "publish"
33 error cwd C:\Users\perez.s.19\Desktop\cooldb
34 error node -v v0.10.32
35 error npm -v 1.4.28
36 error code ENEEDAUTH
37 verbose exit [ 1, true ]
